12:50: 

-----Start new Session-----
12:50: 
Launching... 
12:51: Waiting for Connection... 
12:51: Entering Lobby... 
12:51: Running main... 
12:51: Balance Check window width: 160px
12:52: Balance check: 30445
12:52: It took 1 attempt(s) to acquire balance data.
12:52: It took 0 minute(s) for items to sell.
12:54: 

-----Start new Session-----
12:54: Running main... 
12:54: Balance Check window width: 160px
12:54: Balance check: 30445
12:54: It took 1 attempt(s) to acquire balance data.
12:54: It took 0 minute(s) for items to sell.
12:54: A buy sequence was executed at 14888 after 1 refreshes.
12:54: Selling for 16200...
12:54: Running main... 
12:54: Balance Check window width: 160px
12:54: Balance check failed! Info collected: ""
12:54: Balance check: -1
12:54: Balance Check window width: 170px
12:54: Balance check: 31247
12:54: It took 2 attempt(s) to acquire balance data.
12:54: It took 0 minute(s) for items to sell.
12:55: A buy sequence was executed at 14555 after 35 refreshes.
12:55: Selling for 16200...
12:56: Running main... 
12:56: Balance Check window width: 160px
12:56: Balance check: 32082
12:56: It took 1 attempt(s) to acquire balance data.
12:56: It took 0 minute(s) for items to sell.
12:57: 

-----Start new Session-----
12:57: Running main... 
12:57: Balance Check window width: 160px
12:57: Balance check: 32082
12:57: It took 1 attempt(s) to acquire balance data.
12:57: It took 0 minute(s) for items to sell.
12:58: A buy sequence was executed at 14999 after 45 refreshes.
12:58: Selling for 16200...
12:58: Running main... 
12:58: Balance Check window width: 160px
12:58: Balance check: 32473
12:58: It took 1 attempt(s) to acquire balance data.
12:58: It took 0 minute(s) for items to sell.
01:00: 

-----Start new Session-----
01:00: Running main... 
01:00: Balance Check window width: 160px
01:00: Balance check: 32473
01:00: It took 1 attempt(s) to acquire balance data.
01:00: It took 0 minute(s) for items to sell.
01:06: A buy sequence was executed at 13000 after 153 refreshes.
01:06: Selling for 16200...
01:06: Running main... 
01:06: Balance Check window width: 160px
01:06: Balance check failed! Info collected: ""
01:06: Balance check: -1
01:06: Balance Check window width: 170px
01:06: Balance check: 32473
01:06: It took 2 attempt(s) to acquire balance data.
01:06: It took 0 minute(s) for items to sell.
01:07: 

-----Start new Session-----
01:07: Running main... 
01:07: Balance Check window width: 160px
01:07: Balance check failed! Info collected: ""
01:07: Balance check: -1
01:07: 

-----Start new Session-----
01:07: Running main... 
01:07: Balance Check window width: 160px
01:07: Balance check: 16473
01:07: It took 1 attempt(s) to acquire balance data.
01:07: It took 0 minute(s) for items to sell.
01:10: A buy sequence was executed at 15000 after 85 refreshes.
01:10: Selling for 16200...
01:11: Running main... 
01:11: Balance Check window width: 160px
01:11: Balance check: 16863
01:11: It took 1 attempt(s) to acquire balance data.
01:11: It took 0 minute(s) for items to sell.
01:11: A buy sequence was executed at 14888 after 1 refreshes.
01:11: Selling for 16200...
01:11: Running main... 
01:11: Balance Check window width: 160px
01:11: Balance check failed! Info collected: ""
01:11: Balance check: -1
01:11: Balance Check window width: 170px
01:11: Balance check: 16863
01:11: It took 2 attempt(s) to acquire balance data.
01:11: It took 0 minute(s) for items to sell.
01:13: A buy sequence was executed at 14999 after 71 refreshes.
01:13: Selling for 16200...
01:14: Running main... 
01:14: Balance Check window width: 160px
01:14: Balance check failed! Info collected: ""
01:14: Balance check: -1
01:14: Balance Check window width: 170px
01:14: Balance check: 17254
01:14: It took 2 attempt(s) to acquire balance data.
01:14: It took 0 minute(s) for items to sell.
01:21: 

-----Start new Session-----
01:21: Running main... 
01:21: Balance Check window width: 160px
01:21: Balance check failed! Info collected: ""
01:21: Balance check: -1
01:21: Balance Check window width: 170px
01:21: Balance check: 33454
01:21: It took 2 attempt(s) to acquire balance data.
01:21: It took 0 minute(s) for items to sell.
03:02: 

-----Start new Session-----
03:02: Running main... 
03:02: Balance Check window width: 160px
03:02: Balance check failed! Info collected: ""
03:02: Balance check: -1
03:02: Balance Check window width: 170px
03:02: Balance check: 27491
03:02: It took 2 attempt(s) to acquire balance data.
03:02: It took 0 minute(s) for items to sell.
03:03: A buy sequence was executed at 14499 after 18 refreshes.
03:03: Selling for 16200...
03:03: An item has found its way into the key space - moving now... 
03:03: An item has found its way into the key space - moving now... 
03:03: An item has found its way into the key space - moving now... 
03:03: An item has found its way into the key space - moving now... 
03:03: An item has found its way into the key space - moving now... 
05:06: 

-----Start new Session-----
05:06: Running main... 
05:06: Balance Check window width: 160px
05:06: Balance check failed! Info collected: ""
05:06: Balance check: -1
05:06: Balance Check window width: 170px
05:07: Balance check: 21291
05:07: It took 2 attempt(s) to acquire balance data.
05:07: It took 0 minute(s) for items to sell.
05:07: A buy sequence was executed at 15000 after 5 refreshes.
05:07: Selling for 16200...
05:07: Running main... 
05:07: Balance Check window width: 160px
05:07: Balance check: 5481
05:08: 

-----Start new Session-----
05:08: Running main... 
05:08: Balance Check window width: 160px
05:08: Balance check: 5481
05:08: Waiting 5 minutes... 
05:13: Balance Check window width: 160px
05:13: Balance check: 5481
05:13: Waiting 5 minutes... 
05:54: 

-----Start new Session-----
05:54: Running main... 
05:54: Balance Check window width: 160px
05:54: Balance check failed! Info collected: ""
05:54: Balance check: -1
05:54: Balance Check window width: 170px
05:54: Balance check failed! Info collected: ""
05:54: Balance check: -1
05:54: Balance Check window width: 180px
05:54: Balance check: 48064
05:54: It took 3 attempt(s) to acquire balance data.
05:54: It took 0 minute(s) for items to sell.
05:54: A buy sequence was executed at 15000 after 1 refreshes.
05:54: Selling for 16200...
05:54: 

-----Start new Session-----
05:54: Running main... 
05:54: Balance Check window width: 160px
05:55: Balance check: 8064
05:55: Waiting 5 minutes... 
05:55: 

-----Start new Session-----
05:55: Running main... 
05:55: Balance Check window width: 160px
05:55: Balance check failed! Info collected: ""
05:55: Balance check: -1
05:55: Balance Check window width: 170px
05:55: Balance check: 23264
05:55: It took 2 attempt(s) to acquire balance data.
05:55: It took 0 minute(s) for items to sell.
06:00: 

-----Start new Session-----
06:00: Running main... 
06:00: Balance Check window width: 160px
06:00: Balance check failed! Info collected: ""
06:00: Balance check: -1
06:00: Balance Check window width: 170px
06:01: Balance check: 23264
06:01: It took 2 attempt(s) to acquire balance data.
06:01: It took 0 minute(s) for items to sell.
06:01: A buy sequence was executed at 15000 after 1 refreshes.
06:01: Selling for 15990...
06:01: Running main... 
06:01: Balance Check window width: 160px
06:01: Balance check failed! Info collected: ""
06:01: Balance check: -1
06:01: Balance Check window width: 170px
06:01: Balance check: 23264
06:01: It took 2 attempt(s) to acquire balance data.
06:01: It took 0 minute(s) for items to sell.
06:02: A buy sequence was executed at 1600 after 26 refreshes.
06:02: Selling for 15990...
06:02: Running main... 
06:02: Balance Check window width: 160px
06:02: Balance check failed! Info collected: ""
06:02: Balance check: -1
06:02: Balance Check window width: 170px
06:02: Balance check: 23264
06:02: It took 2 attempt(s) to acquire balance data.
06:02: It took 0 minute(s) for items to sell.
06:02: A buy sequence was executed at 14999 after 5 refreshes.
06:02: Selling for 15990...
06:02: Running main... 
06:03: Balance Check window width: 160px
06:03: Balance check: 7466
06:03: Waiting 5 minutes... 
06:04: 

-----Start new Session-----
06:04: Running main... 
06:04: Balance Check window width: 160px
06:04: Balance check: 23456
06:04: It took 1 attempt(s) to acquire balance data.
06:04: It took 0 minute(s) for items to sell.
06:07: A buy sequence was executed at 14999 after 67 refreshes.
06:07: Selling for 15990...
06:07: Running main... 
06:07: Balance Check window width: 160px
06:07: Balance check: 7658
06:07: Waiting 1 minute(s)... 
06:08: Balance Check window width: 160px
06:08: Balance check: 7658
06:08: Waiting 1 minute(s)... 
06:09: Balance Check window width: 160px
06:09: Balance check: 7658
06:09: Waiting 1 minute(s)... 
06:10: Balance Check window width: 160px
06:10: Balance check: 7658
06:10: Waiting 1 minute(s)... 
06:11: Balance Check window width: 160px
06:11: Balance check: 39848
06:11: It took 1 attempt(s) to acquire balance data.
06:11: It took 20 minute(s) for items to sell.
06:11: A buy sequence was executed at 15000 after 1 refreshes.
06:11: Selling for 15990...
06:12: An item has found its way into the key space - moving now... 
06:12: An item has found its way into the key space - moving now... 
06:12: Running main... 
06:12: Balance Check window width: 160px
06:12: Balance check failed! Info collected: ""
06:12: Balance check: -1
06:12: Balance Check window width: 170px
06:12: Balance check: 23428
06:12: It took 2 attempt(s) to acquire balance data.
06:12: It took 0 minute(s) for items to sell.
06:13: A buy sequence was executed at 15000 after 32 refreshes.
06:13: Selling for 15990...
06:13: Running main... 
06:13: Balance Check window width: 160px
06:13: Balance check: 7629
06:13: Waiting 1 minute(s)... 
06:14: Balance Check window width: 160px
06:14: Balance check: 38810
06:14: It took 1 attempt(s) to acquire balance data.
06:14: It took 5 minute(s) for items to sell.
06:16: 

-----Start new Session-----
06:16: Running main... 
06:16: Balance Check window width: 160px
06:16: Balance check: 38810
06:16: It took 1 attempt(s) to acquire balance data.
06:16: It took 0 minute(s) for items to sell.
06:16: A buy sequence was executed at 14777 after 1 refreshes.
06:16: Selling for 15990...
06:17: Running main... 
06:17: Balance Check window width: 160px
06:17: Balance check failed! Info collected: ""
06:17: Balance check: -1
06:17: Balance Check window width: 170px
06:17: Balance check: 23234
06:17: It took 2 attempt(s) to acquire balance data.
06:17: It took 0 minute(s) for items to sell.
06:19: A buy sequence was executed at 14800 after 78 refreshes.
06:19: Selling for 15990...
06:20: Running main... 
06:20: Balance Check window width: 160px
06:20: Balance check: 7635
06:20: Waiting 1 minute(s)... 
06:21: Balance Check window width: 160px
06:21: Balance check: 39615
06:21: It took 1 attempt(s) to acquire balance data.
06:21: It took 5 minute(s) for items to sell.
06:22: A buy sequence was executed at 14000 after 22 refreshes.
06:22: Selling for 15990...
06:22: Running main... 
06:22: Balance Check window width: 160px
06:22: Balance check: 24816
06:22: It took 1 attempt(s) to acquire balance data.
06:22: It took 0 minute(s) for items to sell.
06:28: A buy sequence was executed at 15000 after 182 refreshes.
06:28: Selling for 15990...
06:28: Running main... 
06:28: Balance Check window width: 160px
06:29: Balance check: 25007
06:29: It took 1 attempt(s) to acquire balance data.
06:29: It took 0 minute(s) for items to sell.
06:30: A buy sequence was executed at 14000 after 33 refreshes.
06:30: Selling for 15990...
06:30: Running main... 
06:30: Balance Check window width: 160px
06:30: Balance check: 26198
06:30: It took 1 attempt(s) to acquire balance data.
06:30: It took 0 minute(s) for items to sell.
06:31: A buy sequence was executed at 15000 after 36 refreshes.
06:31: Selling for 15990...
06:31: Running main... 
06:31: Balance Check window width: 160px
06:32: Balance check failed! Info collected: ""
06:32: Balance check: -1
06:32: Balance Check window width: 170px
06:32: Balance check: 10399
06:32: Waiting 1 minute(s)... 
06:33: Balance Check window width: 170px
06:33: Balance check: 10399
06:33: Waiting 1 minute(s)... 
06:34: Balance Check window width: 170px
06:34: Balance check: 10399
06:34: Waiting 1 minute(s)... 
06:35: Balance Check window width: 170px
06:35: Balance check: 42379
06:35: It took 2 attempt(s) to acquire balance data.
06:35: It took 15 minute(s) for items to sell.
06:43: A buy sequence was executed at 15000 after 218 refreshes.
06:43: Selling for 15990...
06:43: Running main... 
06:43: Balance Check window width: 160px
06:43: Balance check failed! Info collected: ""
06:43: Balance check: -1
06:43: Balance Check window width: 170px
06:43: Balance check: 42379
06:43: It took 2 attempt(s) to acquire balance data.
06:43: It took 0 minute(s) for items to sell.
06:43: A buy sequence was executed at 15000 after 1 refreshes.
06:43: Selling for 15990...
06:43: An item has found its way into the key space - moving now... 
06:43: An item has found its way into the key space - moving now... 
06:43: Running main... 
06:43: Balance Check window width: 160px
06:43: Balance check failed! Info collected: ""
06:43: Balance check: -1
06:43: Balance Check window width: 170px
06:43: Balance check: 27379
06:43: It took 2 attempt(s) to acquire balance data.
06:43: It took 0 minute(s) for items to sell.
06:46: 

-----Start new Session-----
06:46: Running main... 
06:46: Balance Check window width: 160px
06:46: Balance check failed! Info collected: ""
06:46: Balance check: -1
06:46: Balance Check window width: 170px
06:46: Balance check: 27379
06:46: It took 2 attempt(s) to acquire balance data.
06:46: It took 0 minute(s) for items to sell.
06:49: 

-----Start new Session-----
06:49: Running main... 
06:49: Balance Check window width: 160px
06:49: Balance check failed! Info collected: ""
06:49: Balance check: -1
06:49: Balance Check window width: 170px
06:49: Balance check failed! Info collected: ""
06:49: Balance check: -1
06:49: Balance Check window width: 180px
06:49: Balance check: 21379
06:49: It took 3 attempt(s) to acquire balance data.
06:49: It took 0 minute(s) for items to sell.
06:50: A buy sequence was executed at 15000 after 5 refreshes.
06:50: Selling for 15990...
06:50: Running main... 
06:50: Balance Check window width: 160px
06:50: Balance check: 11580
06:50: Waiting 1 minute(s)... 
06:51: Balance Check window width: 160px
06:51: Balance check failed! Info collected: ""
06:51: Balance check: -1
06:51: Balance Check window width: 170px
06:51: Balance check: 27570
06:51: It took 2 attempt(s) to acquire balance data.
06:51: It took 1 minute(s) for items to sell.
07:02: A buy sequence was executed at 15000 after 310 refreshes.
07:02: Selling for 15990...
07:02: Running main... 
07:02: Balance Check window width: 160px
07:02: Balance check failed! Info collected: ""
07:02: Balance check: -1
07:02: Balance Check window width: 170px
07:02: Balance check failed! Info collected: ""
07:02: Balance check: -1
07:02: Balance Check window width: 180px
07:02: Balance check failed! Info collected: ""
07:02: Balance check: -1
07:02: Balance Check window width: 190px
07:02: Balance check failed! Info collected: ""
07:02: Balance check: -1
07:02: Balance Check window width: 200px
07:02: Balance check: 1771
07:02: Waiting 1 minute(s)... 
07:03: Balance Check window width: 200px
07:03: Balance check: 27761
07:03: It took 5 attempt(s) to acquire balance data.
07:03: It took 1 minute(s) for items to sell.
07:05: A buy sequence was executed at 15000 after 52 refreshes.
07:05: Selling for 15990...
07:05: Running main... 
07:05: Balance Check window width: 160px
07:06: Balance check: 113621
07:06: It took 1 attempt(s) to acquire balance data.
07:06: It took 0 minute(s) for items to sell.
07:06: 

-----Start new Session-----
07:07: Running main... 
07:07: Balance Check window width: 160px
07:07: Balance check: 163
07:07: Waiting 1 minute(s)... 
07:08: Balance Check window width: 160px
07:08: Balance check: 163
07:08: Waiting 1 minute(s)... 
07:09: Balance Check window width: 160px
07:09: Balance check: 163
07:09: Waiting 1 minute(s)... 
07:10: Balance Check window width: 160px
07:10: Balance check: 163
07:10: Waiting 1 minute(s)... 
07:11: Balance Check window width: 160px
07:11: Balance check: 163
07:11: Waiting 1 minute(s)... 
07:12: Balance Check window width: 160px
07:12: Balance check: 163
07:12: Waiting 1 minute(s)... 
07:13: Balance Check window width: 160px
07:13: Balance check: 163
07:13: Waiting 1 minute(s)... 
07:14: Balance Check window width: 160px
07:14: Balance check: 163
07:14: Waiting 1 minute(s)... 
07:15: Balance Check window width: 160px
07:15: Balance check: 163
07:15: Waiting 1 minute(s)... 
07:16: Balance Check window width: 160px
07:16: Balance check: 163
07:16: Waiting 1 minute(s)... 
07:17: Balance Check window width: 160px
07:18: Balance check: 163
07:18: Waiting 1 minute(s)... 
07:19: Balance Check window width: 160px
07:19: Balance check: 163
07:19: Waiting 1 minute(s)... 
07:20: Balance Check window width: 160px
07:20: Balance check: 163
07:20: Waiting 1 minute(s)... 
07:21: Balance Check window width: 160px
07:21: Balance check: 163
07:21: Waiting 1 minute(s)... 
07:22: Balance Check window width: 160px
07:22: Balance check: 163
07:22: Waiting 1 minute(s)... 
07:23: Balance Check window width: 160px
07:23: Balance check failed! Info collected: ""
07:23: Balance check: -1
07:23: Balance Check window width: 170px
07:23: Balance check: 27153
07:23: It took 2 attempt(s) to acquire balance data.
07:23: It took 15 minute(s) for items to sell.
07:29: A buy sequence was executed at 14999 after 152 refreshes.
07:29: Selling for 15990...
07:29: Running main... 
07:29: Balance Check window width: 160px
07:29: Balance check failed! Info collected: ""
07:29: Balance check: -1
07:29: Balance Check window width: 170px
07:29: Balance check: 27345
07:29: It took 2 attempt(s) to acquire balance data.
07:29: It took 0 minute(s) for items to sell.
07:29: A buy sequence was executed at 14750 after 1 refreshes.
07:29: Selling for 15990...
07:29: Running main... 
07:29: Balance Check window width: 160px
07:29: Balance check: 21786
07:29: It took 1 attempt(s) to acquire balance data.
07:29: It took 0 minute(s) for items to sell.
07:30: A buy sequence was executed at 15000 after 13 refreshes.
07:30: Selling for 15990...
07:30: Running main... 
07:30: Balance Check window width: 160px
07:30: Balance check: 11987
07:30: Waiting 1 minute(s)... 
07:31: Balance Check window width: 160px
07:31: Balance check: 11987
07:31: Waiting 1 minute(s)... 
07:32: Balance Check window width: 160px
07:32: Balance check: 11987
07:32: Waiting 1 minute(s)... 
07:33: Balance Check window width: 160px
07:33: Balance check: 11987
07:33: Waiting 1 minute(s)... 
07:35: 

-----Start new Session-----
07:35: Running main... 
07:35: Balance Check window width: 160px
07:35: Balance check: 11987
07:35: Waiting 1 minute(s)... 
07:36: Balance Check window width: 160px
07:36: Balance check: 11987
07:36: Waiting 1 minute(s)... 
07:37: Balance Check window width: 160px
07:37: Balance check: 11987
07:37: Waiting 1 minute(s)... 
07:38: An item has found its way into the key space - moving now... 
07:38: An item has found its way into the key space - moving now... 
07:38: An item has found its way into the key space - moving now... 
07:38: An item has found its way into the key space - moving now... 
07:38: An item has found its way into the key space - moving now... 
07:38: An item has found its way into the key space - moving now... 
07:38: An item has found its way into the key space - moving now... 
07:39: An item has found its way into the key space - moving now... 
07:39: An item has found its way into the key space - moving now... 
07:39: An item has found its way into the key space - moving now... 
07:39: An item has found its way into the key space - moving now... 
07:39: An item has found its way into the key space - moving now... 
07:39: An item has found its way into the key space - moving now... 
07:39: An item has found its way into the key space - moving now... 
07:39: An item has found its way into the key space - moving now... 
07:39: An item has found its way into the key space - moving now... 
07:39: An item has found its way into the key space - moving now... 
07:39: An item has found its way into the key space - moving now... 
07:39: An item has found its way into the key space - moving now... 
07:39: An item has found its way into the key space - moving now... 
07:39: An item has found its way into the key space - moving now... 
07:39: An item has found its way into the key space - moving now... 
07:39: An item has found its way into the key space - moving now... 
07:39: An item has found its way into the key space - moving now... 
07:39: An item has found its way into the key space - moving now... 
07:40: An item has found its way into the key space - moving now... 
07:40: An item has found its way into the key space - moving now... 
07:40: An item has found its way into the key space - moving now... 
07:40: An item has found its way into the key space - moving now... 
07:40: An item has found its way into the key space - moving now... 
07:40: An item has found its way into the key space - moving now... 
07:40: An item has found its way into the key space - moving now... 
07:40: An item has found its way into the key space - moving now... 
07:40: An item has found its way into the key space - moving now... 
07:40: An item has found its way into the key space - moving now... 
07:40: An item has found its way into the key space - moving now... 
07:40: An item has found its way into the key space - moving now... 
07:40: An item has found its way into the key space - moving now... 
07:40: An item has found its way into the key space - moving now... 
07:40: An item has found its way into the key space - moving now... 
07:40: An item has found its way into the key space - moving now... 
07:40: An item has found its way into the key space - moving now... 
07:41: An item has found its way into the key space - moving now... 
07:41: An item has found its way into the key space - moving now... 
07:41: An item has found its way into the key space - moving now... 
07:41: An item has found its way into the key space - moving now... 
07:41: An item has found its way into the key space - moving now... 
07:41: An item has found its way into the key space - moving now... 
07:41: An item has found its way into the key space - moving now... 
07:41: An item has found its way into the key space - moving now... 
07:41: An item has found its way into the key space - moving now... 
07:41: An item has found its way into the key space - moving now... 
07:41: An item has found its way into the key space - moving now... 
07:41: An item has found its way into the key space - moving now... 
07:41: An item has found its way into the key space - moving now... 
07:41: An item has found its way into the key space - moving now... 
07:41: An item has found its way into the key space - moving now... 
07:41: An item has found its way into the key space - moving now... 
07:41: An item has found its way into the key space - moving now... 
07:42: An item has found its way into the key space - moving now... 
07:42: An item has found its way into the key space - moving now... 
07:42: An item has found its way into the key space - moving now... 
07:42: An item has found its way into the key space - moving now... 
07:42: An item has found its way into the key space - moving now... 
07:42: Balance Check window width: 160px
07:42: Balance check failed! Info collected: ""
07:42: Balance check: -1
07:42: An item has found its way into the key space - moving now... 
07:42: An item has found its way into the key space - moving now... 
07:42: An item has found its way into the key space - moving now... 
07:42: 

-----Start new Session-----
07:42: Running main... 
07:42: Balance Check window width: 160px
07:42: Balance check failed! Info collected: ""
07:42: Balance check: -1
07:42: Balance Check window width: 170px
07:43: Balance check: 27977
07:43: It took 2 attempt(s) to acquire balance data.
07:43: It took 0 minute(s) for items to sell.
07:44: A buy sequence was executed at 15000 after 41 refreshes.
07:44: Selling for 15990...
07:44: Running main... 
07:44: Balance Check window width: 160px
07:44: Balance check: 28168
07:44: It took 1 attempt(s) to acquire balance data.
07:44: It took 0 minute(s) for items to sell.
07:45: A buy sequence was executed at 15000 after 9 refreshes.
07:45: Selling for 15990...
07:45: Running main... 
07:45: Balance Check window width: 160px
07:45: Balance check failed! Info collected: ""
07:45: Balance check: -1
07:45: Balance Check window width: 170px
07:45: Balance check: 28168
07:45: It took 2 attempt(s) to acquire balance data.
07:45: It took 0 minute(s) for items to sell.
07:48: A buy sequence was executed at 15000 after 96 refreshes.
07:48: Selling for 15990...
07:48: Running main... 
07:48: Balance Check window width: 160px
07:48: Balance check failed! Info collected: ""
07:48: Balance check: -1
07:48: Balance Check window width: 170px
07:48: Balance check: 28359
07:48: It took 2 attempt(s) to acquire balance data.
07:48: It took 0 minute(s) for items to sell.
07:49: A buy sequence was executed at 14999 after 15 refreshes.
07:49: Selling for 15990...
07:49: Running main... 
07:49: Balance Check window width: 160px
07:49: Balance check failed! Info collected: ""
07:49: Balance check: -1
07:49: Balance Check window width: 170px
07:49: Balance check: 28551
07:49: It took 2 attempt(s) to acquire balance data.
07:49: It took 0 minute(s) for items to sell.
07:50: A buy sequence was executed at 15000 after 23 refreshes.
07:50: Selling for 15990...
07:50: Running main... 
07:50: Balance Check window width: 160px
07:50: Balance check: 28742
07:50: It took 1 attempt(s) to acquire balance data.
07:50: It took 0 minute(s) for items to sell.
07:51: A buy sequence was executed at 12000 after 29 refreshes.
07:51: Selling for 15990...
07:52: Running main... 
07:52: Balance Check window width: 160px
07:52: Balance check failed! Info collected: ""
07:52: Balance check: -1
07:52: Balance Check window width: 170px
07:52: Balance check: 28742
07:52: It took 2 attempt(s) to acquire balance data.
07:52: It took 0 minute(s) for items to sell.
07:52: A buy sequence was executed at 14500 after 10 refreshes.
07:52: Selling for 15990...
07:52: Running main... 
07:52: Balance Check window width: 160px
07:52: Balance check failed! Info collected: ""
07:52: Balance check: -1
07:52: Balance Check window width: 170px
07:52: Balance check: 29433
07:52: It took 2 attempt(s) to acquire balance data.
07:52: It took 0 minute(s) for items to sell.
07:56: A buy sequence was executed at 15000 after 94 refreshes.
07:56: Selling for 15990...
07:56: Running main... 
07:56: Balance Check window width: 160px
07:56: Balance check failed! Info collected: ""
07:56: Balance check: -1
07:56: Balance Check window width: 170px
07:56: Balance check: 29433
07:56: It took 2 attempt(s) to acquire balance data.
07:56: It took 0 minute(s) for items to sell.
07:56: A buy sequence was executed at 15000 after 3 refreshes.
07:56: Selling for 15990...
07:56: Running main... 
07:56: Balance Check window width: 160px
07:56: Balance check failed! Info collected: ""
07:56: Balance check: -1
07:56: Balance Check window width: 170px
07:56: Balance check: 29624
07:56: It took 2 attempt(s) to acquire balance data.
07:56: It took 0 minute(s) for items to sell.
07:57: A buy sequence was executed at 15000 after 26 refreshes.
07:57: Selling for 15990...
07:57: Running main... 
07:57: Balance Check window width: 160px
07:58: Balance check: 29815
07:58: It took 1 attempt(s) to acquire balance data.
07:58: It took 0 minute(s) for items to sell.
08:01: A buy sequence was executed at 15000 after 109 refreshes.
08:01: Selling for 15990...
08:01: Running main... 
08:01: Balance Check window width: 160px
08:02: Balance check failed! Info collected: ""
08:02: Balance check: -1
08:02: Balance Check window width: 170px
08:02: Balance check: 29815
08:02: It took 2 attempt(s) to acquire balance data.
08:02: It took 0 minute(s) for items to sell.
08:05: A buy sequence was executed at 13000 after 106 refreshes.
08:05: Selling for 15990...
08:05: Running main... 
08:05: Balance Check window width: 160px
08:06: Balance check: 32006
08:06: It took 1 attempt(s) to acquire balance data.
08:06: It took 0 minute(s) for items to sell.
08:06: A buy sequence was executed at 15000 after 9 refreshes.
08:06: Selling for 15990...
08:06: Running main... 
08:06: Balance Check window width: 160px
08:06: Balance check: 32197
08:06: It took 1 attempt(s) to acquire balance data.
08:06: It took 0 minute(s) for items to sell.
08:07: A buy sequence was executed at 15000 after 36 refreshes.
08:07: Selling for 15990...
08:07: Running main... 
08:07: Balance Check window width: 160px
08:08: Balance check: 32197
08:08: It took 1 attempt(s) to acquire balance data.
08:08: It took 0 minute(s) for items to sell.
08:08: A buy sequence was executed at 13333 after 10 refreshes.
08:08: Selling for 15990...
08:08: Running main... 
08:08: Balance Check window width: 160px
08:08: Balance check: 18065
08:08: It took 1 attempt(s) to acquire balance data.
08:08: It took 0 minute(s) for items to sell.
08:08: A buy sequence was executed at 14000 after 1 refreshes.
08:08: Selling for 15990...
08:08: Running main... 
08:08: Balance Check window width: 160px
08:08: Balance check failed! Info collected: ""
08:08: Balance check: -1
08:08: Balance Check window width: 170px
08:08: Balance check: 18065
08:08: It took 2 attempt(s) to acquire balance data.
08:08: It took 0 minute(s) for items to sell.
08:09: A buy sequence was executed at 13000 after 10 refreshes.
08:09: Selling for 15990...
08:09: Running main... 
08:09: Balance Check window width: 160px
08:09: Balance check failed! Info collected: ""
08:09: Balance check: -1
08:09: Balance Check window width: 170px
08:09: Balance check: 20256
08:09: It took 2 attempt(s) to acquire balance data.
08:09: It took 0 minute(s) for items to sell.
08:09: A buy sequence was executed at 15000 after 1 refreshes.
08:09: Selling for 15990...
08:09: Running main... 
08:09: Balance Check window width: 160px
08:09: Balance check: 4457
08:09: Waiting 1 minute(s)... 
08:10: Balance Check window width: 160px
08:11: Balance check: 20447
08:11: It took 1 attempt(s) to acquire balance data.
08:11: It took 1 minute(s) for items to sell.
08:11: A buy sequence was executed at 15000 after 9 refreshes.
08:11: Selling for 15990...
08:11: Running main... 
08:11: Balance Check window width: 160px
08:11: Balance check failed! Info collected: ""
08:11: Balance check: -1
08:11: Balance Check window width: 170px
08:11: Balance check: 20447
08:11: It took 2 attempt(s) to acquire balance data.
08:11: It took 0 minute(s) for items to sell.
08:14: A buy sequence was executed at 15000 after 93 refreshes.
08:14: Selling for 15990...
08:14: Running main... 
08:15: Balance Check window width: 160px
08:15: Balance check failed! Info collected: ""
08:15: Balance check: -1
08:15: Balance Check window width: 170px
08:15: Balance check: 20447
08:15: It took 2 attempt(s) to acquire balance data.
08:15: It took 0 minute(s) for items to sell.
08:16: A buy sequence was executed at 15000 after 45 refreshes.
08:16: Selling for 15990...
08:16: Running main... 
08:16: Balance Check window width: 160px
08:16: Balance check failed! Info collected: ""
08:16: Balance check: -1
08:17: Balance Check window width: 170px
08:17: Balance check: 36628
08:17: It took 2 attempt(s) to acquire balance data.
08:17: It took 0 minute(s) for items to sell.
08:17: A buy sequence was executed at 15000 after 22 refreshes.
08:17: Selling for 15990...
08:17: Running main... 
08:18: Balance Check window width: 160px
08:18: Balance check: 36819
08:18: It took 1 attempt(s) to acquire balance data.
08:18: It took 0 minute(s) for items to sell.
08:19: A buy sequence was executed at 15000 after 35 refreshes.
08:19: Selling for 15990...
08:19: Running main... 
08:19: Balance Check window width: 160px
08:19: Balance check failed! Info collected: ""
08:19: Balance check: -1
08:19: Balance Check window width: 170px
08:19: Balance check: 37010
08:19: It took 2 attempt(s) to acquire balance data.
08:19: It took 0 minute(s) for items to sell.
08:20: A buy sequence was executed at 15000 after 37 refreshes.
08:20: Selling for 15990...
08:21: Running main... 
08:21: Balance Check window width: 160px
08:21: Balance check failed! Info collected: ""
08:21: Balance check: -1
08:21: Balance Check window width: 170px
08:21: Balance check: 37010
08:21: It took 2 attempt(s) to acquire balance data.
08:21: It took 0 minute(s) for items to sell.
08:21: A buy sequence was executed at 14750 after 19 refreshes.
08:21: Selling for 15990...
08:21: Running main... 
08:22: Balance Check window width: 160px
08:22: Balance check failed! Info collected: ""
08:22: Balance check: -1
08:22: Balance Check window width: 170px
08:22: Balance check: 37010
08:22: It took 2 attempt(s) to acquire balance data.
08:22: It took 0 minute(s) for items to sell.
08:30: A buy sequence was executed at 15000 after 230 refreshes.
08:30: Selling for 15990...
08:30: Running main... 
08:30: Balance Check window width: 160px
08:30: Balance check failed! Info collected: ""
08:30: Balance check: -1
08:30: Balance Check window width: 170px
08:30: Balance check: 37201
08:30: It took 2 attempt(s) to acquire balance data.
08:30: It took 0 minute(s) for items to sell.
08:32: A buy sequence was executed at 14000 after 64 refreshes.
08:32: Selling for 15990...
08:32: Running main... 
08:32: Balance Check window width: 160px
08:32: Balance check failed! Info collected: ""
08:32: Balance check: -1
08:32: Balance Check window width: 170px
08:33: Balance check: 38392
08:33: It took 2 attempt(s) to acquire balance data.
08:33: It took 0 minute(s) for items to sell.
08:35: A buy sequence was executed at 14555 after 83 refreshes.
08:35: Selling for 15990...
08:36: Running main... 
08:36: Balance Check window width: 160px
08:36: Balance check failed! Info collected: ""
08:36: Balance check: -1
08:36: Balance Check window width: 170px
08:36: Balance check: 23038
08:36: It took 2 attempt(s) to acquire balance data.
08:36: It took 0 minute(s) for items to sell.
08:36: A buy sequence was executed at 15000 after 4 refreshes.
08:36: Selling for 15990...
08:36: Running main... 
08:36: Balance Check window width: 160px
08:36: Balance check: 7239
08:36: Waiting 1 minute(s)... 
08:37: Balance Check window width: 160px
08:37: Balance check: 7239
08:37: Waiting 1 minute(s)... 
08:38: Balance Check window width: 160px
08:38: Balance check: 7239
08:38: Waiting 1 minute(s)... 
08:39: Balance Check window width: 160px
08:39: Balance check: 7239
08:39: Waiting 1 minute(s)... 
08:40: Balance Check window width: 160px
08:41: Balance check: 39219
08:41: It took 1 attempt(s) to acquire balance data.
08:41: It took 4 minute(s) for items to sell.
08:41: A buy sequence was executed at 15000 after 1 refreshes.
08:41: Selling for 15990...
08:41: Running main... 
08:41: Balance Check window width: 160px
08:41: Balance check: 39410
08:41: It took 1 attempt(s) to acquire balance data.
08:41: It took 0 minute(s) for items to sell.
08:42: A buy sequence was executed at 15000 after 23 refreshes.
08:42: Selling for 15990...
08:42: Running main... 
08:42: Balance Check window width: 160px
08:42: Balance check failed! Info collected: ""
08:42: Balance check: -1
08:42: Balance Check window width: 170px
08:42: Balance check: 39410
08:42: It took 2 attempt(s) to acquire balance data.
08:42: It took 0 minute(s) for items to sell.
08:46: A buy sequence was executed at 14999 after 108 refreshes.
08:46: Selling for 15990...
08:46: Running main... 
08:46: Balance Check window width: 160px
08:46: Balance check failed! Info collected: ""
08:46: Balance check: -1
08:46: Balance Check window width: 170px
08:46: Balance check: 39410
08:46: It took 2 attempt(s) to acquire balance data.
08:46: It took 0 minute(s) for items to sell.
08:47: A buy sequence was executed at 15000 after 23 refreshes.
08:47: Selling for 15990...
08:47: Running main... 
08:47: Balance Check window width: 160px
08:47: Balance check failed! Info collected: ""
08:47: Balance check: -1
08:47: Balance Check window width: 170px
08:47: Balance check: 39601
08:47: It took 2 attempt(s) to acquire balance data.
08:47: It took 0 minute(s) for items to sell.
08:47: A buy sequence was executed at 15000 after 2 refreshes.
08:47: Selling for 15990...
08:47: Running main... 
08:47: Balance Check window width: 160px
08:47: Balance check: 238021
08:47: It took 1 attempt(s) to acquire balance data.
08:47: It took 0 minute(s) for items to sell.
08:47: A buy sequence was executed at 15000 after 1 refreshes.
08:47: Selling for 15990...
08:48: Running main... 
08:48: Balance Check window width: 160px
08:48: Balance check: 8003
08:48: Waiting 1 minute(s)... 
08:49: Balance Check window width: 160px
08:49: Balance check: 8003
08:49: Waiting 1 minute(s)... 
08:50: Balance Check window width: 160px
08:50: Balance check: 39983
08:50: It took 1 attempt(s) to acquire balance data.
08:50: It took 2 minute(s) for items to sell.
08:52: A buy sequence was executed at 15000 after 66 refreshes.
08:52: Selling for 15990...
08:52: Running main... 
08:52: Balance Check window width: 160px
08:52: Balance check failed! Info collected: ""
08:52: Balance check: -1
08:52: Balance Check window width: 170px
08:53: Balance check: 39983
08:53: It took 2 attempt(s) to acquire balance data.
08:53: It took 0 minute(s) for items to sell.
08:53: A buy sequence was executed at 15000 after 23 refreshes.
08:53: Selling for 15990...
08:53: Running main... 
08:53: Balance Check window width: 160px
08:54: Balance check: 40174
08:54: It took 1 attempt(s) to acquire balance data.
08:54: It took 0 minute(s) for items to sell.
08:54: A buy sequence was executed at 15000 after 4 refreshes.
08:54: Selling for 15990...
08:54: Running main... 
08:54: Balance Check window width: 160px
08:54: Balance check failed! Info collected: ""
08:54: Balance check: -1
08:54: Balance Check window width: 170px
08:54: Balance check: 40365
08:54: It took 2 attempt(s) to acquire balance data.
08:54: It took 0 minute(s) for items to sell.
08:59: A buy sequence was executed at 14999 after 129 refreshes.
08:59: Selling for 15990...
08:59: Running main... 
08:59: Balance Check window width: 160px
08:59: Balance check: 40557
08:59: It took 1 attempt(s) to acquire balance data.
08:59: It took 0 minute(s) for items to sell.
09:02: A buy sequence was executed at 15000 after 85 refreshes.
09:02: Selling for 15990...
09:02: Running main... 
09:02: Balance Check window width: 160px
09:02: Balance check failed! Info collected: ""
09:02: Balance check: -1
09:02: Balance Check window width: 170px
09:02: Balance check: 40557
09:02: It took 2 attempt(s) to acquire balance data.
09:02: It took 0 minute(s) for items to sell.
09:09: A buy sequence was executed at 15000 after 197 refreshes.
09:09: Selling for 15990...
09:09: Running main... 
09:09: Balance Check window width: 160px
09:09: Balance check: 40748
09:09: It took 1 attempt(s) to acquire balance data.
09:09: It took 0 minute(s) for items to sell.
09:15: A buy sequence was executed at 13000 after 161 refreshes.
09:15: Selling for 15990...
09:15: Running main... 
09:15: Balance Check window width: 160px
09:15: Balance check failed! Info collected: ""
09:15: Balance check: -1
09:15: Balance Check window width: 170px
09:15: Balance check failed! Info collected: ""
09:15: Balance check: -1
09:15: Balance Check window width: 180px
09:15: Balance check: 40748
09:15: It took 3 attempt(s) to acquire balance data.
09:15: It took 0 minute(s) for items to sell.
09:18: A buy sequence was executed at 15000 after 74 refreshes.
09:18: Selling for 15990...
09:18: Running main... 
09:18: Balance Check window width: 160px
09:18: Balance check failed! Info collected: ""
09:18: Balance check: -1
09:18: Balance Check window width: 170px
09:18: Balance check failed! Info collected: ""
09:18: Balance check: -1
09:18: Balance Check window width: 180px
09:18: Balance check: 40748
09:18: It took 3 attempt(s) to acquire balance data.
09:18: It took 0 minute(s) for items to sell.
09:22: A buy sequence was executed at 15000 after 118 refreshes.
09:22: Selling for 15990...
09:22: Running main... 
09:22: Balance Check window width: 160px
09:22: Balance check failed! Info collected: ""
09:22: Balance check: -1
09:22: Balance Check window width: 170px
09:22: Balance check: 40939
09:22: It took 2 attempt(s) to acquire balance data.
09:22: It took 0 minute(s) for items to sell.
09:23: A buy sequence was executed at 15000 after 5 refreshes.
09:23: Selling for 15990...
09:23: Running main... 
09:23: Balance Check window width: 160px
09:23: Balance check failed! Info collected: ""
09:23: Balance check: -1
09:23: Balance Check window width: 170px
09:23: Balance check: 40939
09:23: It took 2 attempt(s) to acquire balance data.
09:23: It took 0 minute(s) for items to sell.
09:30: A buy sequence was executed at 15000 after 191 refreshes.
09:30: Selling for 15990...
09:30: Running main... 
09:30: Balance Check window width: 160px
09:30: Balance check: 41130
09:30: It took 1 attempt(s) to acquire balance data.
09:30: It took 0 minute(s) for items to sell.
09:35: A buy sequence was executed at 15000 after 156 refreshes.
09:35: Selling for 15990...
09:35: Running main... 
09:35: Balance Check window width: 160px
09:35: Balance check: 26130
09:35: It took 1 attempt(s) to acquire balance data.
09:35: It took 0 minute(s) for items to sell.
09:37: A buy sequence was executed at 15000 after 35 refreshes.
09:37: Selling for 15990...
09:37: Running main... 
09:37: Balance Check window width: 160px
09:37: Balance check failed! Info collected: ""
09:37: Balance check: -1
09:37: Balance Check window width: 170px
09:37: Balance check: 26321
09:37: It took 2 attempt(s) to acquire balance data.
09:37: It took 0 minute(s) for items to sell.
09:38: A buy sequence was executed at 15000 after 27 refreshes.
09:38: Selling for 15990...
09:38: Running main... 
09:38: Balance Check window width: 160px
09:38: Balance check: 26512
09:38: It took 1 attempt(s) to acquire balance data.
09:38: It took 0 minute(s) for items to sell.
09:43: A buy sequence was executed at 15000 after 135 refreshes.
09:43: Selling for 15990...
09:43: Running main... 
09:43: Balance Check window width: 160px
09:43: Balance check: 26703
09:43: It took 1 attempt(s) to acquire balance data.
09:43: It took 0 minute(s) for items to sell.
09:47: A buy sequence was executed at 15000 after 104 refreshes.
09:47: Selling for 15990...
09:47: Running main... 
09:47: Balance Check window width: 160px
09:47: Balance check: 26894
09:47: It took 1 attempt(s) to acquire balance data.
09:47: It took 0 minute(s) for items to sell.
09:48: A buy sequence was executed at 14555 after 16 refreshes.
09:48: Selling for 15990...
09:48: Running main... 
09:48: Balance Check window width: 160px
09:48: Balance check: 1540
09:48: Waiting 1 minute(s)... 
09:49: Balance Check window width: 160px
09:49: Balance check failed! Info collected: ""
09:49: Balance check: -1
09:49: Balance Check window width: 170px
09:49: Balance check: 27530
09:49: It took 2 attempt(s) to acquire balance data.
09:49: It took 1 minute(s) for items to sell.
09:49: A buy sequence was executed at 14000 after 7 refreshes.
09:49: Selling for 15990...
09:49: Running main... 
09:49: Balance Check window width: 160px
09:49: Balance check failed! Info collected: ""
09:49: Balance check: -1
09:49: Balance Check window width: 170px
09:50: Balance check: 28721
09:50: It took 2 attempt(s) to acquire balance data.
09:50: It took 0 minute(s) for items to sell.
09:51: A buy sequence was executed at 14500 after 30 refreshes.
09:51: Selling for 15990...
09:51: Running main... 
09:51: Balance Check window width: 160px
09:51: Balance check failed! Info collected: ""
09:51: Balance check: -1
09:51: Balance Check window width: 170px
09:51: Balance check failed! Info collected: ""
09:51: Balance check: -1
09:51: Balance Check window width: 180px
09:51: Balance check: 13422
09:51: Waiting 1 minute(s)... 
09:52: Balance Check window width: 180px
09:52: Balance check: 29412
09:52: It took 3 attempt(s) to acquire balance data.
09:52: It took 1 minute(s) for items to sell.
09:52: A buy sequence was executed at 14000 after 1 refreshes.
09:52: Selling for 15990...
09:52: Running main... 
09:52: Balance Check window width: 160px
09:52: Balance check failed! Info collected: ""
09:52: Balance check: -1
09:52: Balance Check window width: 170px
09:52: Balance check: 29412
09:52: It took 2 attempt(s) to acquire balance data.
09:52: It took 0 minute(s) for items to sell.
09:53: A buy sequence was executed at 15000 after 16 refreshes.
09:53: Selling for 15990...
09:53: Running main... 
09:53: Balance Check window width: 160px
09:53: Balance check: 29603
09:53: It took 1 attempt(s) to acquire balance data.
09:53: It took 0 minute(s) for items to sell.
09:54: A buy sequence was executed at 15000 after 8 refreshes.
09:54: Selling for 15990...
09:54: Running main... 
09:54: Balance Check window width: 160px
09:54: Balance check failed! Info collected: ""
09:54: Balance check: -1
09:54: Balance Check window width: 170px
09:54: Balance check: 29603
09:54: It took 2 attempt(s) to acquire balance data.
09:54: It took 0 minute(s) for items to sell.
09:57: A buy sequence was executed at 15000 after 95 refreshes.
09:57: Selling for 15990...
09:57: Running main... 
09:57: Balance Check window width: 160px
09:57: Balance check: 29794
09:57: It took 1 attempt(s) to acquire balance data.
09:57: It took 0 minute(s) for items to sell.
10:01: A buy sequence was executed at 14999 after 110 refreshes.
10:01: Selling for 15990...
10:01: Running main... 
10:01: Balance Check window width: 160px
10:01: Balance check: 29986
10:01: It took 1 attempt(s) to acquire balance data.
10:01: It took 0 minute(s) for items to sell.
10:03: A buy sequence was executed at 15000 after 47 refreshes.
10:03: Selling for 15990...
10:03: Running main... 
10:03: Balance Check window width: 160px
10:03: Balance check failed! Info collected: ""
10:03: Balance check: -1
10:03: Balance Check window width: 170px
10:03: Balance check: 30177
10:03: It took 2 attempt(s) to acquire balance data.
10:03: It took 0 minute(s) for items to sell.
10:06: A buy sequence was executed at 15000 after 83 refreshes.
10:06: Selling for 15990...
10:06: Running main... 
10:06: Balance Check window width: 160px
10:06: Balance check failed! Info collected: ""
10:06: Balance check: -1
10:07: Balance Check window width: 170px
10:07: Balance check: 30177
10:07: It took 2 attempt(s) to acquire balance data.
10:07: It took 0 minute(s) for items to sell.
10:11: A buy sequence was executed at 15000 after 113 refreshes.
10:11: Selling for 15990...
10:11: Running main... 
10:11: Balance Check window width: 160px
10:11: Balance check failed! Info collected: ""
10:11: Balance check: -1
10:11: Balance Check window width: 170px
10:11: Balance check: 30368
10:11: It took 2 attempt(s) to acquire balance data.
10:11: It took 0 minute(s) for items to sell.
10:12: A buy sequence was executed at 15000 after 45 refreshes.
10:12: Selling for 15990...
10:13: Running main... 
10:13: Balance Check window width: 160px
10:13: Balance check failed! Info collected: ""
10:13: Balance check: -1
10:13: Balance Check window width: 170px
10:13: Balance check: 30559
10:13: It took 2 attempt(s) to acquire balance data.
10:13: It took 0 minute(s) for items to sell.
10:14: A buy sequence was executed at 14999 after 42 refreshes.
10:14: Selling for 15990...
10:14: Running main... 
10:14: Balance Check window width: 160px
10:14: Balance check failed! Info collected: ""
10:14: Balance check: -1
10:14: Balance Check window width: 170px
10:15: Balance check: 14761
10:15: Waiting 1 minute(s)... 
10:16: Balance Check window width: 170px
10:16: Balance check: 14761
10:16: Waiting 1 minute(s)... 
10:17: Balance Check window width: 170px
10:17: Balance check: 14761
10:17: Waiting 1 minute(s)... 
10:18: Balance Check window width: 170px
10:18: Balance check: 14761
10:18: Waiting 1 minute(s)... 
10:19: Balance Check window width: 170px
10:19: Balance check: 14761
10:19: Waiting 1 minute(s)... 
10:20: Balance Check window width: 170px
10:20: Balance check: 30751
10:20: It took 2 attempt(s) to acquire balance data.
10:20: It took 5 minute(s) for items to sell.
10:29: A buy sequence was executed at 12999 after 253 refreshes.
10:29: Selling for 15990...
10:29: Running main... 
10:29: Balance Check window width: 160px
10:29: Balance check failed! Info collected: ""
10:29: Balance check: -1
10:29: Balance Check window width: 170px
10:29: Balance check: 30751
10:29: It took 2 attempt(s) to acquire balance data.
10:29: It took 0 minute(s) for items to sell.
10:31: A buy sequence was executed at 15000 after 61 refreshes.
10:31: Selling for 15990...
10:31: Running main... 
10:31: Balance Check window width: 160px
10:31: Balance check: 30942
10:31: It took 1 attempt(s) to acquire balance data.
10:31: It took 0 minute(s) for items to sell.
10:32: A buy sequence was executed at 14999 after 1 refreshes.
10:32: Selling for 15990...
10:32: Running main... 
10:32: Balance Check window width: 160px
10:32: Balance check failed! Info collected: ""
10:32: Balance check: -1
10:32: Balance Check window width: 170px
10:32: Balance check: 30942
10:32: It took 2 attempt(s) to acquire balance data.
10:32: It took 0 minute(s) for items to sell.
10:32: A buy sequence was executed at 15000 after 5 refreshes.
10:32: Selling for 15990...
10:32: Running main... 
10:32: Balance Check window width: 160px
10:32: Balance check failed! Info collected: ""
10:32: Balance check: -1
10:32: Balance Check window width: 170px
10:32: Balance check: 31133
10:32: It took 2 attempt(s) to acquire balance data.
10:32: It took 0 minute(s) for items to sell.
10:40: A buy sequence was executed at 15000 after 216 refreshes.
10:40: Selling for 15990...
10:40: Running main... 
10:40: Balance Check window width: 160px
10:40: Balance check failed! Info collected: ""
10:40: Balance check: -1
10:40: Balance Check window width: 170px
10:40: Balance check: 31324
10:40: It took 2 attempt(s) to acquire balance data.
10:40: It took 0 minute(s) for items to sell.
10:40: A buy sequence was executed at 15000 after 3 refreshes.
10:40: Selling for 15990...
10:40: Running main... 
10:40: Balance Check window width: 160px
10:41: Balance check: 15525
10:41: It took 1 attempt(s) to acquire balance data.
10:41: It took 0 minute(s) for items to sell.
10:41: A buy sequence was executed at 15000 after 15 refreshes.
10:41: Selling for 15990...
10:41: Running main... 
10:41: Balance Check window width: 160px
10:41: Balance check failed! Info collected: ""
10:41: Balance check: -1
10:41: Balance Check window width: 170px
10:41: Balance check: 525
10:41: Waiting 1 minute(s)... 
